<?xml version="1.0" encoding="UTF-8"?>
<!-- Generated by org.testng.reporters.JUnitReportReporter -->
<testsuite skipped="0" hostname="ranjith-PC" name="com.Testing.TestNGs" tests="1" failures="0" timestamp="2019-12-15T13:09:08 IST" time="0.066" errors="0">
  <testcase name="test" time="0.066" classname="com.Testing.TestNGs"/>
</testsuite> <!-- com.Testing.TestNGs -->
